<?xml version="1.0" encoding="UTF-8"?>
<testng-results ignored="0" total="1" passed="1" failed="0" skipped="0">
  <reporter-output>
  </reporter-output>
  <suite started-at="2020-12-10T03:55:13Z" name="Default suite" finished-at="2020-12-10T03:55:15Z" duration-ms="1787">
    <groups>
    </groups>
    <test started-at="2020-12-10T03:55:13Z" name="Default test" finished-at="2020-12-10T03:55:15Z" duration-ms="1787">
      <class name="theInternet.tests.CheckBox">
        <test-method is-config="true" signature="beforeMethod(org.testng.ITestContext)[pri:0, instance:theInternet.tests.CheckBox@f0da945]" started-at="2020-12-10T03:55:13Z" name="beforeMethod" finished-at="2020-12-10T03:55:15Z" duration-ms="1108" status="PASS">
          <params>
            <param index="0">
              <value>
                <![CDATA[org.testng.TestRunner@293bb8a5]]>
              </value>
            </param>
          </params>
          <reporter-output>
          </reporter-output>
        </test-method> <!-- beforeMethod -->
        <test-method signature="checkBox()[pri:0, instance:theInternet.tests.CheckBox@f0da945]" started-at="2020-12-10T03:55:15Z" name="checkBox" finished-at="2020-12-10T03:55:15Z" duration-ms="608" status="PASS">
          <reporter-output>
          </reporter-output>
        </test-method> <!-- checkBox -->
        <test-method is-config="true" signature="afterMethod()[pri:0, instance:theInternet.tests.CheckBox@f0da945]" started-at="2020-12-10T03:55:15Z" name="afterMethod" finished-at="2020-12-10T03:55:15Z" duration-ms="56" status="PASS">
          <reporter-output>
          </reporter-output>
        </test-method> <!-- afterMethod -->
      </class> <!-- theInternet.tests.CheckBox -->
    </test> <!-- Default test -->
  </suite> <!-- Default suite -->
</testng-results>
