<?xml version="1.0" encoding="UTF-8"?>
<testng-results ignored="0" total="1" passed="1" failed="0" skipped="0">
  <reporter-output>
  </reporter-output>
  <suite started-at="2020-12-09T22:18:32Z" name="Default suite" finished-at="2020-12-09T22:18:37Z" duration-ms="5351">
    <groups>
    </groups>
    <test started-at="2020-12-09T22:18:32Z" name="Default test" finished-at="2020-12-09T22:18:37Z" duration-ms="5351">
      <class name="theInternet.tests.AddRemove">
        <test-method is-config="true" signature="beforeMethod(org.testng.ITestContext)[pri:0, instance:theInternet.tests.AddRemove@17497425]" started-at="2020-12-09T22:18:32Z" name="beforeMethod" finished-at="2020-12-09T22:18:33Z" duration-ms="1091" status="PASS">
          <params>
            <param index="0">
              <value>
                <![CDATA[org.testng.TestRunner@6145b81e]]>
              </value>
            </param>
          </params>
          <reporter-output>
          </reporter-output>
        </test-method> <!-- beforeMethod -->
        <test-method signature="addRemove()[pri:0, instance:theInternet.tests.AddRemove@17497425]" started-at="2020-12-09T22:18:33Z" name="addRemove" finished-at="2020-12-09T22:18:37Z" duration-ms="4190" status="PASS">
          <reporter-output>
          </reporter-output>
        </test-method> <!-- addRemove -->
        <test-method is-config="true" signature="afterMethod()[pri:0, instance:theInternet.tests.AddRemove@17497425]" started-at="2020-12-09T22:18:37Z" name="afterMethod" finished-at="2020-12-09T22:18:37Z" duration-ms="55" status="PASS">
          <reporter-output>
          </reporter-output>
        </test-method> <!-- afterMethod -->
      </class> <!-- theInternet.tests.AddRemove -->
    </test> <!-- Default test -->
  </suite> <!-- Default suite -->
</testng-results>
